[debug] [2023-07-02T18:08:15.999Z] ----------------------------------------------------------------------
[debug] [2023-07-02T18:08:16.009Z] Command:       C:\Program Files\nodejs\node.exe C:\Users\Khaled\AppData\Roaming\npm\node_modules\firebase-tools\lib\bin\firebase.js init
[debug] [2023-07-02T18:08:16.011Z] CLI Version:   12.4.2
[debug] [2023-07-02T18:08:16.013Z] Platform:      win32
[debug] [2023-07-02T18:08:16.014Z] Node Version:  v18.16.0
[debug] [2023-07-02T18:08:16.018Z] Time:          Sun Jul 02 2023 21:08:16 GMT+0300 (Eastern European Summer Time)
[debug] [2023-07-02T18:08:16.018Z] ----------------------------------------------------------------------
[debug] 
[debug] [2023-07-02T18:08:16.386Z] > command requires scopes: ["email","openid","https://www.googleapis.com/auth/cloudplatformprojects.readonly","https://www.googleapis.com/auth/firebase","https://www.googleapis.com/auth/cloud-platform"]
[debug] [2023-07-02T18:08:16.389Z] > authorizing via signed-in user (khaledmhmd771@gmail.com)
[info] 
     ######## #### ########  ######## ########     ###     ######  ########
     ##        ##  ##     ## ##       ##     ##  ##   ##  ##       ##
     ######    ##  ########  ######   ########  #########  ######  ######
     ##        ##  ##    ##  ##       ##     ## ##     ##       ## ##
     ##       #### ##     ## ######## ########  ##     ##  ######  ########

You're about to initialize a Firebase project in this directory:

  D:\FullStackTraining\web1\ng1\20230701-b\build

Before we get started, keep in mind:

  * You are initializing within an existing Firebase project directory

[info] 
=== Project Setup
[info] 
[info] First, let's associate this project directory with a Firebase project.
[info] You can create multiple project aliases by running firebase use --add, 
[info] but for now we'll just set up a default project.
[info] 
[debug] [2023-07-02T18:13:28.638Z] Using project from CLI flag: khaledangular1
[debug] [2023-07-02T18:13:28.652Z] >>> [apiv2][query] GET https://firebase.googleapis.com/v1beta1/projects/khaledangular1 [none]
[debug] [2023-07-02T18:13:30.476Z] <<< [apiv2][status] GET https://firebase.googleapis.com/v1beta1/projects/khaledangular1 200
[debug] [2023-07-02T18:13:30.477Z] <<< [apiv2][body] GET https://firebase.googleapis.com/v1beta1/projects/khaledangular1 {"projectId":"khaledangular1","projectNumber":"158190415784","displayName":"khaledangular1","name":"projects/khaledangular1","resources":{"hostingSite":"khaledangular1"},"state":"ACTIVE","etag":"1_85fb6770-1c67-43a3-b12e-29f8c6e465a2"}
[info] i  Using project khaledangular1 (khaledangular1) 
[info] 
=== Hosting Setup
[debug] [2023-07-02T18:15:08.648Z] Error: Command failed: npx --yes -p @angular/cli@latest ng new khaledangular1 --directory build --skip-git
    at checkExecSyncError (node:child_process:885:11)
    at execSync (node:child_process:957:15)
    at Object.init (C:\Users\Khaled\AppData\Roaming\npm\node_modules\firebase-tools\lib\frameworks\angular\index.js:28:34)
    at doSetup (C:\Users\Khaled\AppData\Roaming\npm\node_modules\firebase-tools\lib\init\features\hosting\index.js:88:76)
    at process.processTicksAndRejections (node:internal/process/task_queues:95:5)
    at async init (C:\Users\Khaled\AppData\Roaming\npm\node_modules\firebase-tools\lib\init\index.js:41:9)
[error] 
[error] Error: An unexpected error has occurred.
